21-Apr-2019 13:08:41.639 INFO [main] org.apache.catalina.startup.VersionLoggerListener.log Server version:        Apache Tomcat/8.5.40
21-Apr-2019 13:08:41.643 INFO [main] org.apache.catalina.startup.VersionLoggerListener.log Server built:          Apr 10 2019 14:31:19 UTC
21-Apr-2019 13:08:41.643 INFO [main] org.apache.catalina.startup.VersionLoggerListener.log Server number:         8.5.40.0
21-Apr-2019 13:08:41.643 INFO [main] org.apache.catalina.startup.VersionLoggerListener.log OS Name:               Mac OS X
21-Apr-2019 13:08:41.643 INFO [main] org.apache.catalina.startup.VersionLoggerListener.log OS Version:            10.14.3
21-Apr-2019 13:08:41.644 INFO [main] org.apache.catalina.startup.VersionLoggerListener.log Architecture:          x86_64
21-Apr-2019 13:08:41.644 INFO [main] org.apache.catalina.startup.VersionLoggerListener.log Java Home:             /Library/Java/JavaVirtualMachines/jdk-11.0.2.jdk/Contents/Home
21-Apr-2019 13:08:41.644 INFO [main] org.apache.catalina.startup.VersionLoggerListener.log JVM Version:           11.0.2+9-LTS
21-Apr-2019 13:08:41.644 INFO [main] org.apache.catalina.startup.VersionLoggerListener.log JVM Vendor:            Oracle Corporation
21-Apr-2019 13:08:41.644 INFO [main] org.apache.catalina.startup.VersionLoggerListener.log CATALINA_BASE:         /Users/apple/Desktop/tomcat/apache-tomcat-8.5.40
21-Apr-2019 13:08:41.645 INFO [main] org.apache.catalina.startup.VersionLoggerListener.log CATALINA_HOME:         /Users/apple/Desktop/tomcat/apache-tomcat-8.5.40
21-Apr-2019 13:08:41.646 INFO [main] org.apache.catalina.startup.VersionLoggerListener.log Command line argument: --add-opens=java.base/java.lang=ALL-UNNAMED
21-Apr-2019 13:08:41.647 INFO [main] org.apache.catalina.startup.VersionLoggerListener.log Command line argument: --add-opens=java.base/java.io=ALL-UNNAMED
21-Apr-2019 13:08:41.647 INFO [main] org.apache.catalina.startup.VersionLoggerListener.log Command line argument: --add-opens=java.rmi/sun.rmi.transport=ALL-UNNAMED
21-Apr-2019 13:08:41.647 INFO [main] org.apache.catalina.startup.VersionLoggerListener.log Command line argument: -Djava.util.logging.config.file=/Users/apple/Desktop/tomcat/apache-tomcat-8.5.40/conf/logging.properties
21-Apr-2019 13:08:41.647 INFO [main] org.apache.catalina.startup.VersionLoggerListener.log Command line argument: -Djava.util.logging.manager=org.apache.juli.ClassLoaderLogManager
21-Apr-2019 13:08:41.647 INFO [main] org.apache.catalina.startup.VersionLoggerListener.log Command line argument: -Djdk.tls.ephemeralDHKeySize=2048
21-Apr-2019 13:08:41.647 INFO [main] org.apache.catalina.startup.VersionLoggerListener.log Command line argument: -Djava.protocol.handler.pkgs=org.apache.catalina.webresources
21-Apr-2019 13:08:41.648 INFO [main] org.apache.catalina.startup.VersionLoggerListener.log Command line argument: -Dorg.apache.catalina.security.SecurityListener.UMASK=0027
21-Apr-2019 13:08:41.648 INFO [main] org.apache.catalina.startup.VersionLoggerListener.log Command line argument: -Dignore.endorsed.dirs=
21-Apr-2019 13:08:41.648 INFO [main] org.apache.catalina.startup.VersionLoggerListener.log Command line argument: -Dcatalina.base=/Users/apple/Desktop/tomcat/apache-tomcat-8.5.40
21-Apr-2019 13:08:41.648 INFO [main] org.apache.catalina.startup.VersionLoggerListener.log Command line argument: -Dcatalina.home=/Users/apple/Desktop/tomcat/apache-tomcat-8.5.40
21-Apr-2019 13:08:41.648 INFO [main] org.apache.catalina.startup.VersionLoggerListener.log Command line argument: -Djava.io.tmpdir=/Users/apple/Desktop/tomcat/apache-tomcat-8.5.40/temp
21-Apr-2019 13:08:41.648 INFO [main] org.apache.catalina.core.AprLifecycleListener.lifecycleEvent The APR based Apache Tomcat Native library which allows optimal performance in production environments was not found on the java.library.path: [/Users/apple/Library/Java/Extensions:/Library/Java/Extensions:/Network/Library/Java/Extensions:/System/Library/Java/Extensions:/usr/lib/java:.]
21-Apr-2019 13:08:41.688 INFO [main] org.apache.coyote.AbstractProtocol.init Initializing ProtocolHandler ["http-nio-8080"]
21-Apr-2019 13:08:41.708 SEVERE [main] org.apache.catalina.core.StandardService.initInternal Failed to initialize connector [Connector[HTTP/1.1-8080]]
 org.apache.catalina.LifecycleException: Failed to initialize component [Connector[HTTP/1.1-8080]]
	at org.apache.catalina.util.LifecycleBase.init(LifecycleBase.java:112)
	at org.apache.catalina.core.StandardService.initInternal(StandardService.java:552)
	at org.apache.catalina.util.LifecycleBase.init(LifecycleBase.java:107)
	at org.apache.catalina.core.StandardServer.initInternal(StandardServer.java:875)
	at org.apache.catalina.util.LifecycleBase.init(LifecycleBase.java:107)
	at org.apache.catalina.startup.Catalina.load(Catalina.java:639)
	at org.apache.catalina.startup.Catalina.load(Catalina.java:662)
	at java.base/jdk.internal.reflect.NativeMethodAccessorImpl.invoke0(Native Method)
	at java.base/jdk.internal.reflect.NativeMethodAccessorImpl.invoke(NativeMethodAccessorImpl.java:62)
	at java.base/jdk.internal.reflect.DelegatingMethodAccessorImpl.invoke(DelegatingMethodAccessorImpl.java:43)
	at java.base/java.lang.reflect.Method.invoke(Method.java:566)
	at org.apache.catalina.startup.Bootstrap.load(Bootstrap.java:309)
	at org.apache.catalina.startup.Bootstrap.main(Bootstrap.java:492)
Caused by: org.apache.catalina.LifecycleException: Protocol handler initialization failed
	at org.apache.catalina.connector.Connector.initInternal(Connector.java:995)
	at org.apache.catalina.util.LifecycleBase.init(LifecycleBase.java:107)
	... 12 more
Caused by: java.net.BindException: Address already in use
	at java.base/sun.nio.ch.Net.bind0(Native Method)
	at java.base/sun.nio.ch.Net.bind(Net.java:461)
	at java.base/sun.nio.ch.Net.bind(Net.java:453)
	at java.base/sun.nio.ch.ServerSocketChannelImpl.bind(ServerSocketChannelImpl.java:227)
	at java.base/sun.nio.ch.ServerSocketAdaptor.bind(ServerSocketAdaptor.java:80)
	at org.apache.tomcat.util.net.NioEndpoint.bind(NioEndpoint.java:219)
	at org.apache.tomcat.util.net.AbstractEndpoint.init(AbstractEndpoint.java:1105)
	at org.apache.tomcat.util.net.AbstractJsseEndpoint.init(AbstractJsseEndpoint.java:224)
	at org.apache.coyote.AbstractProtocol.init(AbstractProtocol.java:581)
	at org.apache.coyote.http11.AbstractHttp11Protocol.init(AbstractHttp11Protocol.java:68)
	at org.apache.catalina.connector.Connector.initInternal(Connector.java:993)
	... 13 more

21-Apr-2019 13:08:41.710 INFO [main] org.apache.coyote.AbstractProtocol.init Initializing ProtocolHandler ["https-jsse-nio-8443"]
21-Apr-2019 13:08:41.711 SEVERE [main] org.apache.catalina.core.StandardService.initInternal Failed to initialize connector [Connector[HTTP/1.1-8443]]
 org.apache.catalina.LifecycleException: Failed to initialize component [Connector[HTTP/1.1-8443]]
	at org.apache.catalina.util.LifecycleBase.init(LifecycleBase.java:112)
	at org.apache.catalina.core.StandardService.initInternal(StandardService.java:552)
	at org.apache.catalina.util.LifecycleBase.init(LifecycleBase.java:107)
	at org.apache.catalina.core.StandardServer.initInternal(StandardServer.java:875)
	at org.apache.catalina.util.LifecycleBase.init(LifecycleBase.java:107)
	at org.apache.catalina.startup.Catalina.load(Catalina.java:639)
	at org.apache.catalina.startup.Catalina.load(Catalina.java:662)
	at java.base/jdk.internal.reflect.NativeMethodAccessorImpl.invoke0(Native Method)
	at java.base/jdk.internal.reflect.NativeMethodAccessorImpl.invoke(NativeMethodAccessorImpl.java:62)
	at java.base/jdk.internal.reflect.DelegatingMethodAccessorImpl.invoke(DelegatingMethodAccessorImpl.java:43)
	at java.base/java.lang.reflect.Method.invoke(Method.java:566)
	at org.apache.catalina.startup.Bootstrap.load(Bootstrap.java:309)
	at org.apache.catalina.startup.Bootstrap.main(Bootstrap.java:492)
Caused by: org.apache.catalina.LifecycleException: Protocol handler initialization failed
	at org.apache.catalina.connector.Connector.initInternal(Connector.java:995)
	at org.apache.catalina.util.LifecycleBase.init(LifecycleBase.java:107)
	... 12 more
Caused by: java.net.BindException: Address already in use
	at java.base/sun.nio.ch.Net.bind0(Native Method)
	at java.base/sun.nio.ch.Net.bind(Net.java:461)
	at java.base/sun.nio.ch.Net.bind(Net.java:453)
	at java.base/sun.nio.ch.ServerSocketChannelImpl.bind(ServerSocketChannelImpl.java:227)
	at java.base/sun.nio.ch.ServerSocketAdaptor.bind(ServerSocketAdaptor.java:80)
	at org.apache.tomcat.util.net.NioEndpoint.bind(NioEndpoint.java:219)
	at org.apache.tomcat.util.net.AbstractEndpoint.init(AbstractEndpoint.java:1105)
	at org.apache.tomcat.util.net.AbstractJsseEndpoint.init(AbstractJsseEndpoint.java:224)
	at org.apache.coyote.AbstractProtocol.init(AbstractProtocol.java:581)
	at org.apache.coyote.http11.AbstractHttp11Protocol.init(AbstractHttp11Protocol.java:68)
	at org.apache.catalina.connector.Connector.initInternal(Connector.java:993)
	... 13 more

21-Apr-2019 13:08:41.712 INFO [main] org.apache.coyote.AbstractProtocol.init Initializing ProtocolHandler ["ajp-nio-8009"]
21-Apr-2019 13:08:41.713 SEVERE [main] org.apache.catalina.core.StandardService.initInternal Failed to initialize connector [Connector[AJP/1.3-8009]]
 org.apache.catalina.LifecycleException: Failed to initialize component [Connector[AJP/1.3-8009]]
	at org.apache.catalina.util.LifecycleBase.init(LifecycleBase.java:112)
	at org.apache.catalina.core.StandardService.initInternal(StandardService.java:552)
	at org.apache.catalina.util.LifecycleBase.init(LifecycleBase.java:107)
	at org.apache.catalina.core.StandardServer.initInternal(StandardServer.java:875)
	at org.apache.catalina.util.LifecycleBase.init(LifecycleBase.java:107)
	at org.apache.catalina.startup.Catalina.load(Catalina.java:639)
	at org.apache.catalina.startup.Catalina.load(Catalina.java:662)
	at java.base/jdk.internal.reflect.NativeMethodAccessorImpl.invoke0(Native Method)
	at java.base/jdk.internal.reflect.NativeMethodAccessorImpl.invoke(NativeMethodAccessorImpl.java:62)
	at java.base/jdk.internal.reflect.DelegatingMethodAccessorImpl.invoke(DelegatingMethodAccessorImpl.java:43)
	at java.base/java.lang.reflect.Method.invoke(Method.java:566)
	at org.apache.catalina.startup.Bootstrap.load(Bootstrap.java:309)
	at org.apache.catalina.startup.Bootstrap.main(Bootstrap.java:492)
Caused by: org.apache.catalina.LifecycleException: Protocol handler initialization failed
	at org.apache.catalina.connector.Connector.initInternal(Connector.java:995)
	at org.apache.catalina.util.LifecycleBase.init(LifecycleBase.java:107)
	... 12 more
Caused by: java.net.BindException: Address already in use
	at java.base/sun.nio.ch.Net.bind0(Native Method)
	at java.base/sun.nio.ch.Net.bind(Net.java:461)
	at java.base/sun.nio.ch.Net.bind(Net.java:453)
	at java.base/sun.nio.ch.ServerSocketChannelImpl.bind(ServerSocketChannelImpl.java:227)
	at java.base/sun.nio.ch.ServerSocketAdaptor.bind(ServerSocketAdaptor.java:80)
	at org.apache.tomcat.util.net.NioEndpoint.bind(NioEndpoint.java:219)
	at org.apache.tomcat.util.net.AbstractEndpoint.init(AbstractEndpoint.java:1105)
	at org.apache.tomcat.util.net.AbstractJsseEndpoint.init(AbstractJsseEndpoint.java:224)
	at org.apache.coyote.AbstractProtocol.init(AbstractProtocol.java:581)
	at org.apache.catalina.connector.Connector.initInternal(Connector.java:993)
	... 13 more

21-Apr-2019 13:08:41.722 INFO [main] org.apache.catalina.startup.Catalina.load Initialization processed in 567 ms
21-Apr-2019 13:08:41.776 INFO [main] org.apache.catalina.core.StandardService.startInternal Starting service [Catalina]
21-Apr-2019 13:08:41.776 INFO [main] org.apache.catalina.core.StandardEngine.startInternal Starting Servlet Engine: Apache Tomcat/8.5.40
21-Apr-2019 13:08:41.787 INFO [localhost-startStop-1] org.apache.catalina.startup.HostConfig.deployDirectory Deploying web application directory [/Users/apple/Desktop/tomcat/apache-tomcat-8.5.40/webapps/docs]
21-Apr-2019 13:08:42.084 INFO [localhost-startStop-1] org.apache.catalina.startup.HostConfig.deployDirectory Deployment of web application directory [/Users/apple/Desktop/tomcat/apache-tomcat-8.5.40/webapps/docs] has finished in [296] ms
21-Apr-2019 13:08:42.085 INFO [localhost-startStop-1] org.apache.catalina.startup.HostConfig.deployDirectory Deploying web application directory [/Users/apple/Desktop/tomcat/apache-tomcat-8.5.40/webapps/manager]
21-Apr-2019 13:08:42.127 INFO [localhost-startStop-1] org.apache.catalina.startup.HostConfig.deployDirectory Deployment of web application directory [/Users/apple/Desktop/tomcat/apache-tomcat-8.5.40/webapps/manager] has finished in [43] ms
21-Apr-2019 13:08:42.127 INFO [localhost-startStop-1] org.apache.catalina.startup.HostConfig.deployDirectory Deploying web application directory [/Users/apple/Desktop/tomcat/apache-tomcat-8.5.40/webapps/examples]
21-Apr-2019 13:08:42.500 INFO [localhost-startStop-1] org.apache.catalina.startup.HostConfig.deployDirectory Deployment of web application directory [/Users/apple/Desktop/tomcat/apache-tomcat-8.5.40/webapps/examples] has finished in [373] ms
21-Apr-2019 13:08:42.501 INFO [localhost-startStop-1] org.apache.catalina.startup.HostConfig.deployDirectory Deploying web application directory [/Users/apple/Desktop/tomcat/apache-tomcat-8.5.40/webapps/ROOT]
21-Apr-2019 13:08:42.520 INFO [localhost-startStop-1] org.apache.catalina.startup.HostConfig.deployDirectory Deployment of web application directory [/Users/apple/Desktop/tomcat/apache-tomcat-8.5.40/webapps/ROOT] has finished in [19] ms
21-Apr-2019 13:08:42.521 INFO [localhost-startStop-1] org.apache.catalina.startup.HostConfig.deployDirectory Deploying web application directory [/Users/apple/Desktop/tomcat/apache-tomcat-8.5.40/webapps/host-manager]
21-Apr-2019 13:08:42.545 INFO [localhost-startStop-1] org.apache.catalina.startup.HostConfig.deployDirectory Deployment of web application directory [/Users/apple/Desktop/tomcat/apache-tomcat-8.5.40/webapps/host-manager] has finished in [23] ms
21-Apr-2019 13:08:42.559 INFO [main] org.apache.catalina.startup.Catalina.start Server startup in 836 ms
21-Apr-2019 13:08:42.566 SEVERE [main] org.apache.catalina.core.StandardServer.await StandardServer.await: create[localhost:8005]: 
 java.net.BindException: Address already in use (Bind failed)
	at java.base/java.net.PlainSocketImpl.socketBind(Native Method)
	at java.base/java.net.AbstractPlainSocketImpl.bind(AbstractPlainSocketImpl.java:436)
	at java.base/java.net.ServerSocket.bind(ServerSocket.java:381)
	at java.base/java.net.ServerSocket.<init>(ServerSocket.java:243)
	at org.apache.catalina.core.StandardServer.await(StandardServer.java:440)
	at org.apache.catalina.startup.Catalina.await(Catalina.java:776)
	at org.apache.catalina.startup.Catalina.start(Catalina.java:722)
	at java.base/jdk.internal.reflect.NativeMethodAccessorImpl.invoke0(Native Method)
	at java.base/jdk.internal.reflect.NativeMethodAccessorImpl.invoke(NativeMethodAccessorImpl.java:62)
	at java.base/jdk.internal.reflect.DelegatingMethodAccessorImpl.invoke(DelegatingMethodAccessorImpl.java:43)
	at java.base/java.lang.reflect.Method.invoke(Method.java:566)
	at org.apache.catalina.startup.Bootstrap.start(Bootstrap.java:353)
	at org.apache.catalina.startup.Bootstrap.main(Bootstrap.java:493)

21-Apr-2019 13:08:42.566 INFO [main] org.apache.coyote.AbstractProtocol.pause Pausing ProtocolHandler ["http-nio-8080"]
21-Apr-2019 13:08:42.567 INFO [main] org.apache.coyote.AbstractProtocol.pause Pausing ProtocolHandler ["https-jsse-nio-8443"]
21-Apr-2019 13:08:42.567 INFO [main] org.apache.coyote.AbstractProtocol.pause Pausing ProtocolHandler ["ajp-nio-8009"]
21-Apr-2019 13:08:42.567 INFO [main] org.apache.catalina.core.StandardService.stopInternal Stopping service [Catalina]
21-Apr-2019 13:08:42.594 INFO [main] org.apache.coyote.AbstractProtocol.stop Stopping ProtocolHandler ["http-nio-8080"]
21-Apr-2019 13:08:42.594 INFO [main] org.apache.coyote.AbstractProtocol.destroy Destroying ProtocolHandler ["http-nio-8080"]
21-Apr-2019 13:08:42.595 INFO [main] org.apache.coyote.AbstractProtocol.stop Stopping ProtocolHandler ["https-jsse-nio-8443"]
21-Apr-2019 13:08:42.595 INFO [main] org.apache.coyote.AbstractProtocol.destroy Destroying ProtocolHandler ["https-jsse-nio-8443"]
21-Apr-2019 13:08:42.595 INFO [main] org.apache.coyote.AbstractProtocol.stop Stopping ProtocolHandler ["ajp-nio-8009"]
21-Apr-2019 13:08:42.595 INFO [main] org.apache.coyote.AbstractProtocol.destroy Destroying ProtocolHandler ["ajp-nio-8009"]
21-Apr-2019 13:08:52.899 INFO [main] org.apache.catalina.startup.VersionLoggerListener.log Server version:        Apache Tomcat/8.5.40
21-Apr-2019 13:08:52.903 INFO [main] org.apache.catalina.startup.VersionLoggerListener.log Server built:          Apr 10 2019 14:31:19 UTC
21-Apr-2019 13:08:52.903 INFO [main] org.apache.catalina.startup.VersionLoggerListener.log Server number:         8.5.40.0
21-Apr-2019 13:08:52.904 INFO [main] org.apache.catalina.startup.VersionLoggerListener.log OS Name:               Mac OS X
21-Apr-2019 13:08:52.904 INFO [main] org.apache.catalina.startup.VersionLoggerListener.log OS Version:            10.14.3
21-Apr-2019 13:08:52.904 INFO [main] org.apache.catalina.startup.VersionLoggerListener.log Architecture:          x86_64
21-Apr-2019 13:08:52.904 INFO [main] org.apache.catalina.startup.VersionLoggerListener.log Java Home:             /Library/Java/JavaVirtualMachines/jdk-11.0.2.jdk/Contents/Home
21-Apr-2019 13:08:52.904 INFO [main] org.apache.catalina.startup.VersionLoggerListener.log JVM Version:           11.0.2+9-LTS
21-Apr-2019 13:08:52.904 INFO [main] org.apache.catalina.startup.VersionLoggerListener.log JVM Vendor:            Oracle Corporation
21-Apr-2019 13:08:52.904 INFO [main] org.apache.catalina.startup.VersionLoggerListener.log CATALINA_BASE:         /Users/apple/Desktop/tomcat/apache-tomcat-8.5.40
21-Apr-2019 13:08:52.905 INFO [main] org.apache.catalina.startup.VersionLoggerListener.log CATALINA_HOME:         /Users/apple/Desktop/tomcat/apache-tomcat-8.5.40
21-Apr-2019 13:08:52.907 INFO [main] org.apache.catalina.startup.VersionLoggerListener.log Command line argument: --add-opens=java.base/java.lang=ALL-UNNAMED
21-Apr-2019 13:08:52.908 INFO [main] org.apache.catalina.startup.VersionLoggerListener.log Command line argument: --add-opens=java.base/java.io=ALL-UNNAMED
21-Apr-2019 13:08:52.908 INFO [main] org.apache.catalina.startup.VersionLoggerListener.log Command line argument: --add-opens=java.rmi/sun.rmi.transport=ALL-UNNAMED
21-Apr-2019 13:08:52.908 INFO [main] org.apache.catalina.startup.VersionLoggerListener.log Command line argument: -Djava.util.logging.config.file=/Users/apple/Desktop/tomcat/apache-tomcat-8.5.40/conf/logging.properties
21-Apr-2019 13:08:52.908 INFO [main] org.apache.catalina.startup.VersionLoggerListener.log Command line argument: -Djava.util.logging.manager=org.apache.juli.ClassLoaderLogManager
21-Apr-2019 13:08:52.908 INFO [main] org.apache.catalina.startup.VersionLoggerListener.log Command line argument: -Djdk.tls.ephemeralDHKeySize=2048
21-Apr-2019 13:08:52.908 INFO [main] org.apache.catalina.startup.VersionLoggerListener.log Command line argument: -Djava.protocol.handler.pkgs=org.apache.catalina.webresources
21-Apr-2019 13:08:52.909 INFO [main] org.apache.catalina.startup.VersionLoggerListener.log Command line argument: -Dorg.apache.catalina.security.SecurityListener.UMASK=0027
21-Apr-2019 13:08:52.909 INFO [main] org.apache.catalina.startup.VersionLoggerListener.log Command line argument: -Dignore.endorsed.dirs=
21-Apr-2019 13:08:52.909 INFO [main] org.apache.catalina.startup.VersionLoggerListener.log Command line argument: -Dcatalina.base=/Users/apple/Desktop/tomcat/apache-tomcat-8.5.40
21-Apr-2019 13:08:52.909 INFO [main] org.apache.catalina.startup.VersionLoggerListener.log Command line argument: -Dcatalina.home=/Users/apple/Desktop/tomcat/apache-tomcat-8.5.40
21-Apr-2019 13:08:52.909 INFO [main] org.apache.catalina.startup.VersionLoggerListener.log Command line argument: -Djava.io.tmpdir=/Users/apple/Desktop/tomcat/apache-tomcat-8.5.40/temp
21-Apr-2019 13:08:52.909 INFO [main] org.apache.catalina.core.AprLifecycleListener.lifecycleEvent The APR based Apache Tomcat Native library which allows optimal performance in production environments was not found on the java.library.path: [/Users/apple/Library/Java/Extensions:/Library/Java/Extensions:/Network/Library/Java/Extensions:/System/Library/Java/Extensions:/usr/lib/java:.]
21-Apr-2019 13:08:52.955 INFO [main] org.apache.coyote.AbstractProtocol.init Initializing ProtocolHandler ["http-nio-8080"]
21-Apr-2019 13:08:52.979 INFO [main] org.apache.tomcat.util.net.NioSelectorPool.getSharedSelector Using a shared selector for servlet write/read
21-Apr-2019 13:08:53.007 INFO [main] org.apache.coyote.AbstractProtocol.init Initializing ProtocolHandler ["https-jsse-nio-8443"]
21-Apr-2019 13:08:53.445 INFO [main] org.apache.tomcat.util.net.NioSelectorPool.getSharedSelector Using a shared selector for servlet write/read
21-Apr-2019 13:08:53.448 INFO [main] org.apache.coyote.AbstractProtocol.init Initializing ProtocolHandler ["ajp-nio-8009"]
21-Apr-2019 13:08:53.450 INFO [main] org.apache.tomcat.util.net.NioSelectorPool.getSharedSelector Using a shared selector for servlet write/read
21-Apr-2019 13:08:53.451 INFO [main] org.apache.catalina.startup.Catalina.load Initialization processed in 1068 ms
21-Apr-2019 13:08:53.506 INFO [main] org.apache.catalina.core.StandardService.startInternal Starting service [Catalina]
21-Apr-2019 13:08:53.506 INFO [main] org.apache.catalina.core.StandardEngine.startInternal Starting Servlet Engine: Apache Tomcat/8.5.40
21-Apr-2019 13:08:53.533 INFO [localhost-startStop-1] org.apache.catalina.startup.HostConfig.deployDirectory Deploying web application directory [/Users/apple/Desktop/tomcat/apache-tomcat-8.5.40/webapps/docs]
21-Apr-2019 13:08:53.841 INFO [localhost-startStop-1] org.apache.catalina.startup.HostConfig.deployDirectory Deployment of web application directory [/Users/apple/Desktop/tomcat/apache-tomcat-8.5.40/webapps/docs] has finished in [307] ms
21-Apr-2019 13:08:53.842 INFO [localhost-startStop-1] org.apache.catalina.startup.HostConfig.deployDirectory Deploying web application directory [/Users/apple/Desktop/tomcat/apache-tomcat-8.5.40/webapps/manager]
21-Apr-2019 13:08:53.888 INFO [localhost-startStop-1] org.apache.catalina.startup.HostConfig.deployDirectory Deployment of web application directory [/Users/apple/Desktop/tomcat/apache-tomcat-8.5.40/webapps/manager] has finished in [47] ms
21-Apr-2019 13:08:53.888 INFO [localhost-startStop-1] org.apache.catalina.startup.HostConfig.deployDirectory Deploying web application directory [/Users/apple/Desktop/tomcat/apache-tomcat-8.5.40/webapps/examples]
21-Apr-2019 13:08:54.301 INFO [localhost-startStop-1] org.apache.catalina.startup.HostConfig.deployDirectory Deployment of web application directory [/Users/apple/Desktop/tomcat/apache-tomcat-8.5.40/webapps/examples] has finished in [413] ms
21-Apr-2019 13:08:54.301 INFO [localhost-startStop-1] org.apache.catalina.startup.HostConfig.deployDirectory Deploying web application directory [/Users/apple/Desktop/tomcat/apache-tomcat-8.5.40/webapps/ROOT]
21-Apr-2019 13:08:54.324 INFO [localhost-startStop-1] org.apache.catalina.startup.HostConfig.deployDirectory Deployment of web application directory [/Users/apple/Desktop/tomcat/apache-tomcat-8.5.40/webapps/ROOT] has finished in [22] ms
21-Apr-2019 13:08:54.324 INFO [localhost-startStop-1] org.apache.catalina.startup.HostConfig.deployDirectory Deploying web application directory [/Users/apple/Desktop/tomcat/apache-tomcat-8.5.40/webapps/host-manager]
21-Apr-2019 13:08:54.348 INFO [localhost-startStop-1] org.apache.catalina.startup.HostConfig.deployDirectory Deployment of web application directory [/Users/apple/Desktop/tomcat/apache-tomcat-8.5.40/webapps/host-manager] has finished in [24] ms
21-Apr-2019 13:08:54.353 INFO [main] org.apache.coyote.AbstractProtocol.start Starting ProtocolHandler ["http-nio-8080"]
21-Apr-2019 13:08:54.364 INFO [main] org.apache.coyote.AbstractProtocol.start Starting ProtocolHandler ["https-jsse-nio-8443"]
21-Apr-2019 13:08:54.367 INFO [main] org.apache.coyote.AbstractProtocol.start Starting ProtocolHandler ["ajp-nio-8009"]
21-Apr-2019 13:08:54.369 INFO [main] org.apache.catalina.startup.Catalina.start Server startup in 917 ms
21-Apr-2019 13:10:25.465 INFO [main] org.apache.catalina.core.StandardServer.await A valid shutdown command was received via the shutdown port. Stopping the Server instance.
21-Apr-2019 13:10:25.466 INFO [main] org.apache.coyote.AbstractProtocol.pause Pausing ProtocolHandler ["http-nio-8080"]
21-Apr-2019 13:10:25.476 INFO [main] org.apache.coyote.AbstractProtocol.pause Pausing ProtocolHandler ["https-jsse-nio-8443"]
21-Apr-2019 13:10:25.484 INFO [main] org.apache.coyote.AbstractProtocol.pause Pausing ProtocolHandler ["ajp-nio-8009"]
21-Apr-2019 13:10:25.492 INFO [main] org.apache.catalina.core.StandardService.stopInternal Stopping service [Catalina]
21-Apr-2019 13:10:25.530 INFO [main] org.apache.coyote.AbstractProtocol.stop Stopping ProtocolHandler ["http-nio-8080"]
21-Apr-2019 13:10:25.534 INFO [main] org.apache.coyote.AbstractProtocol.stop Stopping ProtocolHandler ["https-jsse-nio-8443"]
21-Apr-2019 13:10:25.536 INFO [main] org.apache.coyote.AbstractProtocol.stop Stopping ProtocolHandler ["ajp-nio-8009"]
21-Apr-2019 13:10:25.538 INFO [main] org.apache.coyote.AbstractProtocol.destroy Destroying ProtocolHandler ["http-nio-8080"]
21-Apr-2019 13:10:25.539 INFO [main] org.apache.coyote.AbstractProtocol.destroy Destroying ProtocolHandler ["https-jsse-nio-8443"]
21-Apr-2019 13:10:25.540 INFO [main] org.apache.coyote.AbstractProtocol.destroy Destroying ProtocolHandler ["ajp-nio-8009"]
21-Apr-2019 13:10:29.302 INFO [main] org.apache.catalina.startup.VersionLoggerListener.log Server version:        Apache Tomcat/8.5.40
21-Apr-2019 13:10:29.308 INFO [main] org.apache.catalina.startup.VersionLoggerListener.log Server built:          Apr 10 2019 14:31:19 UTC
21-Apr-2019 13:10:29.309 INFO [main] org.apache.catalina.startup.VersionLoggerListener.log Server number:         8.5.40.0
21-Apr-2019 13:10:29.309 INFO [main] org.apache.catalina.startup.VersionLoggerListener.log OS Name:               Mac OS X
21-Apr-2019 13:10:29.309 INFO [main] org.apache.catalina.startup.VersionLoggerListener.log OS Version:            10.14.3
21-Apr-2019 13:10:29.309 INFO [main] org.apache.catalina.startup.VersionLoggerListener.log Architecture:          x86_64
21-Apr-2019 13:10:29.310 INFO [main] org.apache.catalina.startup.VersionLoggerListener.log Java Home:             /Library/Java/JavaVirtualMachines/jdk-11.0.2.jdk/Contents/Home
21-Apr-2019 13:10:29.310 INFO [main] org.apache.catalina.startup.VersionLoggerListener.log JVM Version:           11.0.2+9-LTS
21-Apr-2019 13:10:29.310 INFO [main] org.apache.catalina.startup.VersionLoggerListener.log JVM Vendor:            Oracle Corporation
21-Apr-2019 13:10:29.310 INFO [main] org.apache.catalina.startup.VersionLoggerListener.log CATALINA_BASE:         /Users/apple/Desktop/tomcat/apache-tomcat-8.5.40
21-Apr-2019 13:10:29.310 INFO [main] org.apache.catalina.startup.VersionLoggerListener.log CATALINA_HOME:         /Users/apple/Desktop/tomcat/apache-tomcat-8.5.40
21-Apr-2019 13:10:29.313 INFO [main] org.apache.catalina.startup.VersionLoggerListener.log Command line argument: --add-opens=java.base/java.lang=ALL-UNNAMED
21-Apr-2019 13:10:29.313 INFO [main] org.apache.catalina.startup.VersionLoggerListener.log Command line argument: --add-opens=java.base/java.io=ALL-UNNAMED
21-Apr-2019 13:10:29.314 INFO [main] org.apache.catalina.startup.VersionLoggerListener.log Command line argument: --add-opens=java.rmi/sun.rmi.transport=ALL-UNNAMED
21-Apr-2019 13:10:29.314 INFO [main] org.apache.catalina.startup.VersionLoggerListener.log Command line argument: -Djava.util.logging.config.file=/Users/apple/Desktop/tomcat/apache-tomcat-8.5.40/conf/logging.properties
21-Apr-2019 13:10:29.314 INFO [main] org.apache.catalina.startup.VersionLoggerListener.log Command line argument: -Djava.util.logging.manager=org.apache.juli.ClassLoaderLogManager
21-Apr-2019 13:10:29.314 INFO [main] org.apache.catalina.startup.VersionLoggerListener.log Command line argument: -Djdk.tls.ephemeralDHKeySize=2048
21-Apr-2019 13:10:29.314 INFO [main] org.apache.catalina.startup.VersionLoggerListener.log Command line argument: -Djava.protocol.handler.pkgs=org.apache.catalina.webresources
21-Apr-2019 13:10:29.315 INFO [main] org.apache.catalina.startup.VersionLoggerListener.log Command line argument: -Dorg.apache.catalina.security.SecurityListener.UMASK=0027
21-Apr-2019 13:10:29.315 INFO [main] org.apache.catalina.startup.VersionLoggerListener.log Command line argument: -Dignore.endorsed.dirs=
21-Apr-2019 13:10:29.315 INFO [main] org.apache.catalina.startup.VersionLoggerListener.log Command line argument: -Dcatalina.base=/Users/apple/Desktop/tomcat/apache-tomcat-8.5.40
21-Apr-2019 13:10:29.315 INFO [main] org.apache.catalina.startup.VersionLoggerListener.log Command line argument: -Dcatalina.home=/Users/apple/Desktop/tomcat/apache-tomcat-8.5.40
21-Apr-2019 13:10:29.315 INFO [main] org.apache.catalina.startup.VersionLoggerListener.log Command line argument: -Djava.io.tmpdir=/Users/apple/Desktop/tomcat/apache-tomcat-8.5.40/temp
21-Apr-2019 13:10:29.316 INFO [main] org.apache.catalina.core.AprLifecycleListener.lifecycleEvent The APR based Apache Tomcat Native library which allows optimal performance in production environments was not found on the java.library.path: [/Users/apple/Library/Java/Extensions:/Library/Java/Extensions:/Network/Library/Java/Extensions:/System/Library/Java/Extensions:/usr/lib/java:.]
21-Apr-2019 13:10:29.363 INFO [main] org.apache.coyote.AbstractProtocol.init Initializing ProtocolHandler ["http-nio-8080"]
21-Apr-2019 13:10:29.389 INFO [main] org.apache.tomcat.util.net.NioSelectorPool.getSharedSelector Using a shared selector for servlet write/read
21-Apr-2019 13:10:29.415 INFO [main] org.apache.coyote.AbstractProtocol.init Initializing ProtocolHandler ["https-jsse-nio-8443"]
21-Apr-2019 13:10:29.835 INFO [main] org.apache.tomcat.util.net.NioSelectorPool.getSharedSelector Using a shared selector for servlet write/read
21-Apr-2019 13:10:29.839 INFO [main] org.apache.coyote.AbstractProtocol.init Initializing ProtocolHandler ["ajp-nio-8009"]
21-Apr-2019 13:10:29.841 INFO [main] org.apache.tomcat.util.net.NioSelectorPool.getSharedSelector Using a shared selector for servlet write/read
21-Apr-2019 13:10:29.842 INFO [main] org.apache.catalina.startup.Catalina.load Initialization processed in 1131 ms
21-Apr-2019 13:10:29.899 INFO [main] org.apache.catalina.core.StandardService.startInternal Starting service [Catalina]
21-Apr-2019 13:10:29.899 INFO [main] org.apache.catalina.core.StandardEngine.startInternal Starting Servlet Engine: Apache Tomcat/8.5.40
21-Apr-2019 13:10:29.921 INFO [localhost-startStop-1] org.apache.catalina.startup.HostConfig.deployDirectory Deploying web application directory [/Users/apple/Desktop/tomcat/apache-tomcat-8.5.40/webapps/docs]
21-Apr-2019 13:10:30.232 INFO [localhost-startStop-1] org.apache.catalina.startup.HostConfig.deployDirectory Deployment of web application directory [/Users/apple/Desktop/tomcat/apache-tomcat-8.5.40/webapps/docs] has finished in [312] ms
21-Apr-2019 13:10:30.233 INFO [localhost-startStop-1] org.apache.catalina.startup.HostConfig.deployDirectory Deploying web application directory [/Users/apple/Desktop/tomcat/apache-tomcat-8.5.40/webapps/manager]
21-Apr-2019 13:10:30.277 INFO [localhost-startStop-1] org.apache.catalina.startup.HostConfig.deployDirectory Deployment of web application directory [/Users/apple/Desktop/tomcat/apache-tomcat-8.5.40/webapps/manager] has finished in [44] ms
21-Apr-2019 13:10:30.277 INFO [localhost-startStop-1] org.apache.catalina.startup.HostConfig.deployDirectory Deploying web application directory [/Users/apple/Desktop/tomcat/apache-tomcat-8.5.40/webapps/examples]
21-Apr-2019 13:10:30.628 INFO [localhost-startStop-1] org.apache.catalina.startup.HostConfig.deployDirectory Deployment of web application directory [/Users/apple/Desktop/tomcat/apache-tomcat-8.5.40/webapps/examples] has finished in [351] ms
21-Apr-2019 13:10:30.628 INFO [localhost-startStop-1] org.apache.catalina.startup.HostConfig.deployDirectory Deploying web application directory [/Users/apple/Desktop/tomcat/apache-tomcat-8.5.40/webapps/ROOT]
21-Apr-2019 13:10:30.652 INFO [localhost-startStop-1] org.apache.catalina.startup.HostConfig.deployDirectory Deployment of web application directory [/Users/apple/Desktop/tomcat/apache-tomcat-8.5.40/webapps/ROOT] has finished in [24] ms
21-Apr-2019 13:10:30.652 INFO [localhost-startStop-1] org.apache.catalina.startup.HostConfig.deployDirectory Deploying web application directory [/Users/apple/Desktop/tomcat/apache-tomcat-8.5.40/webapps/host-manager]
21-Apr-2019 13:10:30.679 INFO [localhost-startStop-1] org.apache.catalina.startup.HostConfig.deployDirectory Deployment of web application directory [/Users/apple/Desktop/tomcat/apache-tomcat-8.5.40/webapps/host-manager] has finished in [27] ms
21-Apr-2019 13:10:30.684 INFO [main] org.apache.coyote.AbstractProtocol.start Starting ProtocolHandler ["http-nio-8080"]
21-Apr-2019 13:10:30.694 INFO [main] org.apache.coyote.AbstractProtocol.start Starting ProtocolHandler ["https-jsse-nio-8443"]
21-Apr-2019 13:10:30.696 INFO [main] org.apache.coyote.AbstractProtocol.start Starting ProtocolHandler ["ajp-nio-8009"]
21-Apr-2019 13:10:30.698 INFO [main] org.apache.catalina.startup.Catalina.start Server startup in 856 ms
21-Apr-2019 15:49:24.011 INFO [main] org.apache.catalina.core.StandardServer.await A valid shutdown command was received via the shutdown port. Stopping the Server instance.
21-Apr-2019 15:49:24.017 INFO [main] org.apache.coyote.AbstractProtocol.pause Pausing ProtocolHandler ["http-nio-8080"]
21-Apr-2019 15:49:24.035 INFO [main] org.apache.coyote.AbstractProtocol.pause Pausing ProtocolHandler ["https-jsse-nio-8443"]
21-Apr-2019 15:49:24.043 INFO [main] org.apache.coyote.AbstractProtocol.pause Pausing ProtocolHandler ["ajp-nio-8009"]
21-Apr-2019 15:49:24.049 INFO [main] org.apache.catalina.core.StandardService.stopInternal Stopping service [Catalina]
21-Apr-2019 15:49:24.125 INFO [main] org.apache.coyote.AbstractProtocol.stop Stopping ProtocolHandler ["http-nio-8080"]
21-Apr-2019 15:49:24.129 INFO [main] org.apache.coyote.AbstractProtocol.stop Stopping ProtocolHandler ["https-jsse-nio-8443"]
21-Apr-2019 15:49:24.132 INFO [main] org.apache.coyote.AbstractProtocol.stop Stopping ProtocolHandler ["ajp-nio-8009"]
21-Apr-2019 15:49:24.133 INFO [main] org.apache.coyote.AbstractProtocol.destroy Destroying ProtocolHandler ["http-nio-8080"]
21-Apr-2019 15:49:24.134 INFO [main] org.apache.coyote.AbstractProtocol.destroy Destroying ProtocolHandler ["https-jsse-nio-8443"]
21-Apr-2019 15:49:24.135 INFO [main] org.apache.coyote.AbstractProtocol.destroy Destroying ProtocolHandler ["ajp-nio-8009"]
